This is pdfTeX, Version 3.14159265-2.6-1.40.16 (TeX Live 2015/Debian) (preloaded format=pdflatex 2018.7.27)  30 AUG 2018 13:24
entering extended mode
 \write18 enabled.
 %&-line parsing enabled.
**abstract.tex appendix_asp.tex appendix_ethics.tex appendix_learning_task.tex 
conclusion.tex discussion.tex evaluation.tex framework.tex introduction.tex rel
ated_work.tex
(./abstract.tex
LaTeX2e <2016/02/01>
Babel <3.9q> and hyphenation patterns for 81 language(s) loaded.

! LaTeX Error: Missing \begin{document}.

See the LaTeX manual or LaTeX Companion for explanation.
Type  H <return>  for immediate help.
 ...                                              
                                                  
l.1 R
     einforcement Learning (RL) is has been applied and proven to be success...

? 
! Emergency stop.
 ...                                              
                                                  
l.1 R
     einforcement Learning (RL) is has been applied and proven to be success...

You're in trouble here.  Try typing  <return>  to proceed.
If that doesn't work, type  X <return>  to quit.

 
Here is how much of TeX's memory you used:
 6 strings out of 493029
 271 string characters out of 6136234
 53305 words of memory out of 5000000
 3641 multiletter control sequences out of 15000+600000
 3640 words of font info for 14 fonts, out of 8000000 for 9000
 1141 hyphenation exceptions out of 8191
 5i,0n,4p,264b,14s stack positions out of 5000i,500n,10000p,200000b,80000s
!  ==> Fatal error occurred, no output PDF file produced!
